<?xml version="1.0" encoding="UTF-8"?>
<testsuite name="cms.fx.FxApplicationTests" tests="1" skipped="0" failures="0" errors="0" timestamp="2018-04-23T16:06:49" hostname="DESKTOP-0R5M6H1" time="0.16">
  <properties/>
  <testcase name="contextLoads" classname="cms.fx.FxApplicationTests" time="0.16"/>
  <system-out><![CDATA[00:06:47.056 [Test worker] DEBUG org.springframework.test.context.junit4.SpringJUnit4ClassRunner - SpringJUnit4ClassRunner constructor called with [class cms.fx.FxApplicationTests]
00:06:47.063 [Test worker] DEBUG org.springframework.test.context.BootstrapUtils - Instantiating CacheAwareContextLoaderDelegate from class [org.springframework.test.context.cache.DefaultCacheAwareContextLoaderDelegate]
00:06:47.073 [Test worker] DEBUG org.springframework.test.context.BootstrapUtils - Instantiating BootstrapContext using constructor [public org.springframework.test.context.support.DefaultBootstrapContext(java.lang.Class,org.springframework.test.context.CacheAwareContextLoaderDelegate)]
00:06:47.091 [Test worker] DEBUG org.springframework.test.context.BootstrapUtils - Instantiating TestContextBootstrapper for test class [cms.fx.FxApplicationTests] from class [org.springframework.boot.test.context.SpringBootTestContextBootstrapper]
00:06:47.106 [Test worker] INFO org.springframework.boot.test.context.SpringBootTestContextBootstrapper - Neither @ContextConfiguration nor @ContextHierarchy found for test class [cms.fx.FxApplicationTests], using SpringBootContextLoader
00:06:47.110 [Test worker] DEBUG org.springframework.test.context.support.AbstractContextLoader - Did not detect default resource location for test class [cms.fx.FxApplicationTests]: class path resource [cms/fx/FxApplicationTests-context.xml] does not exist
00:06:47.111 [Test worker] DEBUG org.springframework.test.context.support.AbstractContextLoader - Did not detect default resource location for test class [cms.fx.FxApplicationTests]: class path resource [cms/fx/FxApplicationTestsContext.groovy] does not exist
00:06:47.111 [Test worker] INFO org.springframework.test.context.support.AbstractContextLoader - Could not detect default resource locations for test class [cms.fx.FxApplicationTests]: no resource found for suffixes {-context.xml, Context.groovy}.
00:06:47.112 [Test worker] INFO org.springframework.test.context.support.AnnotationConfigContextLoaderUtils - Could not detect default configuration classes for test class [cms.fx.FxApplicationTests]: FxApplicationTests does not declare any static, non-private, non-final, nested classes annotated with @Configuration.
00:06:47.154 [Test worker] DEBUG org.springframework.test.context.support.ActiveProfilesUtils - Could not find an 'annotation declaring class' for annotation type [org.springframework.test.context.ActiveProfiles] and class [cms.fx.FxApplicationTests]
00:06:47.162 [Test worker] DEBUG org.springframework.core.env.StandardEnvironment - Adding PropertySource 'systemProperties' with lowest search precedence
00:06:47.163 [Test worker] DEBUG org.springframework.core.env.StandardEnvironment - Adding PropertySource 'systemEnvironment' with lowest search precedence
00:06:47.163 [Test worker] DEBUG org.springframework.core.env.StandardEnvironment - Initialized StandardEnvironment with PropertySources [MapPropertySource@1550921770 {name='systemProperties', properties={java.runtime.name=Java(TM) SE Runtime Environment, sun.boot.library.path=C:\Program Files\Java\jdk1.8.0_171\jre\bin, java.vm.version=25.171-b11, java.vm.vendor=Oracle Corporation, java.vendor.url=http://java.oracle.com/, path.separator=;, java.vm.name=Java HotSpot(TM) 64-Bit Server VM, file.encoding.pkg=sun.io, user.script=, sun.java.launcher=SUN_STANDARD, user.country=CN, sun.os.patch.level=, java.vm.specification.name=Java Virtual Machine Specification, user.dir=C:\fanxing, java.runtime.version=1.8.0_171-b11, java.awt.graphicsenv=sun.awt.Win32GraphicsEnvironment, java.endorsed.dirs=C:\Program Files\Java\jdk1.8.0_171\jre\lib\endorsed, os.arch=amd64, java.io.tmpdir=C:\Users\llf\AppData\Local\Temp\, line.separator=
, java.vm.specification.vendor=Oracle Corporation, user.variant=, os.name=Windows 10, sun.jnu.encoding=GBK, java.library.path=C:\Program Files\Java\jdk1.8.0_171\bin;C:\WINDOWS\Sun\Java\bin;C:\WINDOWS\system32;C:\WINDOWS;C:\Program Files (x86)\Common Files\Oracle\Java\javapath;C:\WINDOWS\system32;C:\WINDOWS;C:\WINDOWS\System32\Wbem;C:\WINDOWS\System32\WindowsPowerShell\v1.0\;C:\Program Files\gradle-4.7\bin;C:\Program Files\nodejs\;C:\Program Files\Git\cmd;I:\Anaconda3;I:\Anaconda3\Library\mingw-w64\bin;I:\Anaconda3\Library\usr\bin;I:\Anaconda3\Library\bin;I:\Anaconda3\Scripts;C:\Users\llf\AppData\Local\Microsoft\WindowsApps;C:\Users\llf\AppData\Roaming\npm;., java.specification.name=Java Platform API Specification, java.class.version=52.0, org.gradle.native=false, sun.management.compiler=HotSpot 64-Bit Tiered Compilers, os.version=10.0, user.home=C:\Users\llf, user.timezone=Asia/Shanghai, java.awt.printerjob=sun.awt.windows.WPrinterJob, file.encoding=GBK, java.specification.version=1.8, java.class.path=C:\fanxing\build\classes\java\test;C:\fanxing\build\resources\test;C:\fanxing\build\classes\java\main;C:\fanxing\build\resources\main;C:\Users\llf\.gradle\caches\modules-2\files-2.1\org.springframework.boot\spring-boot-starter-web\2.0.1.RELEASE\88751ed76791d12425ce5a80476baf1749a44cf4\spring-boot-starter-web-2.0.1.RELEASE.jar;C:\Users\llf\.gradle\caches\modules-2\files-2.1\org.springframework.boot\spring-boot-starter-test\2.0.1.RELEASE\d6204ede44fa7e1df01d25509837bfa4b767fa28\spring-boot-starter-test-2.0.1.RELEASE.jar;C:\Users\llf\.gradle\caches\modules-2\files-2.1\org.springframework.boot\spring-boot-starter-json\2.0.1.RELEASE\f2e1aeeb1ac02bfa1b4f7254633484af1866fc65\spring-boot-starter-json-2.0.1.RELEASE.jar;C:\Users\llf\.gradle\caches\modules-2\files-2.1\org.springframework.boot\spring-boot-starter\2.0.1.RELEASE\33abc1286b0aabea4f08ff4285d09e587835a716\spring-boot-starter-2.0.1.RELEASE.jar;C:\Users\llf\.gradle\caches\modules-2\files-2.1\org.springframework.boot\spring-boot-starter-tomcat\2.0.1.RELEASE\4b46f4aaff6c8a5a1c8184996d5e9e8a9354db8d\spring-boot-starter-tomcat-2.0.1.RELEASE.jar;C:\Users\llf\.gradle\caches\modules-2\files-2.1\org.hibernate.validator\hibernate-validator\6.0.9.Final\b149e4cce82379f11f6129eb3187ca8ae5404005\hibernate-validator-6.0.9.Final.jar;C:\Users\llf\.gradle\caches\modules-2\files-2.1\org.springframework\spring-webmvc\5.0.5.RELEASE\a7fd53c7ad06b0fa7dd4ff347de1b2dc508739e\spring-webmvc-5.0.5.RELEASE.jar;C:\Users\llf\.gradle\caches\modules-2\files-2.1\org.springframework\spring-web\5.0.5.RELEASE\d51dbb5cabe72ae02e400577bac48f7fc94088de\spring-web-5.0.5.RELEASE.jar;C:\Users\llf\.gradle\caches\modules-2\files-2.1\org.springframework.boot\spring-boot-test-autoconfigure\2.0.1.RELEASE\c7a68c07f2a04323a67740f91d20818ec2e783b3\spring-boot-test-autoconfigure-2.0.1.RELEASE.jar;C:\Users\llf\.gradle\caches\modules-2\files-2.1\org.springframework.boot\spring-boot-test\2.0.1.RELEASE\77cede07b0e9da6c87d0dabcfe3e53ac56747d73\spring-boot-test-2.0.1.RELEASE.jar;C:\Users\llf\.gradle\caches\modules-2\files-2.1\com.jayway.jsonpath\json-path\2.4.0\765a4401ceb2dc8d40553c2075eb80a8fa35c2ae\json-path-2.4.0.jar;C:\Users\llf\.gradle\caches\modules-2\files-2.1\junit\junit\4.12\2973d150c0dc1fefe998f834810d68f278ea58ec\junit-4.12.jar;C:\Users\llf\.gradle\caches\modules-2\files-2.1\org.assertj\assertj-core\3.9.1\c5ce126b15f28d56cd8f960c1a6a058b9c9aea87\assertj-core-3.9.1.jar;C:\Users\llf\.gradle\caches\modules-2\files-2.1\org.mockito\mockito-core\2.15.0\b84bfbbc29cd22c9529409627af6ea2897f4fa85\mockito-core-2.15.0.jar;C:\Users\llf\.gradle\caches\modules-2\files-2.1\org.hamcrest\hamcrest-library\1.3\4785a3c21320980282f9f33d0d1264a69040538f\hamcrest-library-1.3.jar;C:\Users\llf\.gradle\caches\modules-2\files-2.1\org.hamcrest\hamcrest-core\1.3\42a25dc3219429f0e5d060061f71acb49bf010a0\hamcrest-core-1.3.jar;C:\Users\llf\.gradle\caches\modules-2\files-2.1\org.skyscreamer\jsonassert\1.5.0\6c9d5fe2f59da598d9aefc1cfc6528ff3cf32df3\jsonassert-1.5.0.jar;C:\Users\llf\.gradle\caches\modules-2\files-2.1\org.springframework\spring-test\5.0.5.RELEASE\f7e3b83447e54056a91de1294ae6888343648dff\spring-test-5.0.5.RELEASE.jar;C:\Users\llf\.gradle\caches\modules-2\files-2.1\org.springframework.boot\spring-boot-autoconfigure\2.0.1.RELEASE\b0bf9d34ed70c6987a86cd58a009065e5fa02545\spring-boot-autoconfigure-2.0.1.RELEASE.jar;C:\Users\llf\.gradle\caches\modules-2\files-2.1\org.springframework.boot\spring-boot\2.0.1.RELEASE\b8c5b14cbb0e52fdded8f98a8c1493cc74c7cf59\spring-boot-2.0.1.RELEASE.jar;C:\Users\llf\.gradle\caches\modules-2\files-2.1\org.springframework\spring-context\5.0.5.RELEASE\9cca4bf5acb693249a01c218f471c677b951d6e2\spring-context-5.0.5.RELEASE.jar;C:\Users\llf\.gradle\caches\modules-2\files-2.1\org.springframework\spring-expression\5.0.5.RELEASE\fc6c7a95aeb7d00f4c65c338b08d97767eb0dd99\spring-expression-5.0.5.RELEASE.jar;C:\Users\llf\.gradle\caches\modules-2\files-2.1\org.springframework\spring-aop\5.0.5.RELEASE\b11b61b94d7fb752a1c9bf3461d655c3084fae47\spring-aop-5.0.5.RELEASE.jar;C:\Users\llf\.gradle\caches\modules-2\files-2.1\org.springframework\spring-beans\5.0.5.RELEASE\984445863c0bbdaaf860615762d998b471a6bf92\spring-beans-5.0.5.RELEASE.jar;C:\Users\llf\.gradle\caches\modules-2\files-2.1\org.springframework\spring-core\5.0.5.RELEASE\1bd9feb1d9dac6accd27f5244b6c47cfcb55045c\spring-core-5.0.5.RELEASE.jar;C:\Users\llf\.gradle\caches\modules-2\files-2.1\org.xmlunit\xmlunit-core\2.5.1\4ffdb346572a7356f7521cd3119ce5287d2e339d\xmlunit-core-2.5.1.jar;C:\Users\llf\.gradle\caches\modules-2\files-2.1\org.springframework.boot\spring-boot-starter-logging\2.0.1.RELEASE\10681a28c95e9f9c0159327a1ed0c860517c7ad7\spring-boot-starter-logging-2.0.1.RELEASE.jar;C:\Users\llf\.gradle\caches\modules-2\files-2.1\javax.annotation\javax.annotation-api\1.3.2\934c04d3cfef185a8008e7bf34331b79730a9d43\javax.annotation-api-1.3.2.jar;C:\Users\llf\.gradle\caches\modules-2\files-2.1\org.yaml\snakeyaml\1.19\2d998d3d674b172a588e54ab619854d073f555b5\snakeyaml-1.19.jar;C:\Users\llf\.gradle\caches\modules-2\files-2.1\com.fasterxml.jackson.datatype\jackson-datatype-jdk8\2.9.5\23e37f085279ba316c0df923513b81609e1d1f6\jackson-datatype-jdk8-2.9.5.jar;C:\Users\llf\.gradle\caches\modules-2\files-2.1\com.fasterxml.jackson.datatype\jackson-datatype-jsr310\2.9.5\d1f0d11e816bc04e222a261106ca138801841c2d\jackson-datatype-jsr310-2.9.5.jar;C:\Users\llf\.gradle\caches\modules-2\files-2.1\com.fasterxml.jackson.module\jackson-module-parameter-names\2.9.5\f824c60751ffb7bfc3a0d30dfe0e42317d8e67f5\jackson-module-parameter-names-2.9.5.jar;C:\Users\llf\.gradle\caches\modules-2\files-2.1\com.fasterxml.jackson.core\jackson-databind\2.9.5\3490508379d065fe3fcb80042b62f630f7588606\jackson-databind-2.9.5.jar;C:\Users\llf\.gradle\caches\modules-2\files-2.1\org.apache.tomcat.embed\tomcat-embed-websocket\8.5.29\37786f4ca8a1597a91a0f437e659a76d1fcc5bf1\tomcat-embed-websocket-8.5.29.jar;C:\Users\llf\.gradle\caches\modules-2\files-2.1\org.apache.tomcat.embed\tomcat-embed-core\8.5.29\51eac5adde4bc019261b787cb99e5548206908e6\tomcat-embed-core-8.5.29.jar;C:\Users\llf\.gradle\caches\modules-2\files-2.1\org.apache.tomcat.embed\tomcat-embed-el\8.5.29\893fb2c87ec1aa248a7911d76c0c06b3fca6bc9b\tomcat-embed-el-8.5.29.jar;C:\Users\llf\.gradle\caches\modules-2\files-2.1\javax.validation\validation-api\2.0.1.Final\cb855558e6271b1b32e716d24cb85c7f583ce09e\validation-api-2.0.1.Final.jar;C:\Users\llf\.gradle\caches\modules-2\files-2.1\org.jboss.logging\jboss-logging\3.3.2.Final\3789d00e859632e6c6206adc0c71625559e6e3b0\jboss-logging-3.3.2.Final.jar;C:\Users\llf\.gradle\caches\modules-2\files-2.1\com.fasterxml\classmate\1.3.4\3d5f48f10bbe4eb7bd862f10c0583be2e0053c6\classmate-1.3.4.jar;C:\Users\llf\.gradle\caches\modules-2\files-2.1\net.minidev\json-smart\2.3\7396407491352ce4fa30de92efb158adb76b5b\json-smart-2.3.jar;C:\Users\llf\.gradle\caches\modules-2\files-2.1\ch.qos.logback\logback-classic\1.2.3\7c4f3c474fb2c041d8028740440937705ebb473a\logback-classic-1.2.3.jar;C:\Users\llf\.gradle\caches\modules-2\files-2.1\org.apache.logging.log4j\log4j-to-slf4j\2.10.0\f7e631ccf49cfc0aefa4a2a728da7d374c05bd3c\log4j-to-slf4j-2.10.0.jar;C:\Users\llf\.gradle\caches\modules-2\files-2.1\org.slf4j\jul-to-slf4j\1.7.25\af5364cd6679bfffb114f0dec8a157aaa283b76\jul-to-slf4j-1.7.25.jar;C:\Users\llf\.gradle\caches\modules-2\files-2.1\org.slf4j\slf4j-api\1.7.25\da76ca59f6a57ee3102f8f9bd9cee742973efa8a\slf4j-api-1.7.25.jar;C:\Users\llf\.gradle\caches\modules-2\files-2.1\net.bytebuddy\byte-buddy\1.7.11\f02857a4e2c66ccbe7aaad6100a0a6c461bce9b3\byte-buddy-1.7.11.jar;C:\Users\llf\.gradle\caches\modules-2\files-2.1\net.bytebuddy\byte-buddy-agent\1.7.11\b425a8933ca07edd03c6dbc8bc3b595fba9780de\byte-buddy-agent-1.7.11.jar;C:\Users\llf\.gradle\caches\modules-2\files-2.1\org.objenesis\objenesis\2.6\639033469776fd37c08358c6b92a4761feb2af4b\objenesis-2.6.jar;C:\Users\llf\.gradle\caches\modules-2\files-2.1\com.vaadin.external.google\android-json\0.0.20131108.vaadin1\fa26d351fe62a6a17f5cda1287c1c6110dec413f\android-json-0.0.20131108.vaadin1.jar;C:\Users\llf\.gradle\caches\modules-2\files-2.1\org.springframework\spring-jcl\5.0.5.RELEASE\f4a2854b9d865e8b86717595aec16f877f8c6489\spring-jcl-5.0.5.RELEASE.jar;C:\Users\llf\.gradle\caches\modules-2\files-2.1\com.fasterxml.jackson.core\jackson-annotations\2.9.0\7c10d545325e3a6e72e06381afe469fd40eb701\jackson-annotations-2.9.0.jar;C:\Users\llf\.gradle\caches\modules-2\files-2.1\com.fasterxml.jackson.core\jackson-core\2.9.5\a22ac51016944b06fd9ffbc9541c6e7ce5eea117\jackson-core-2.9.5.jar;C:\Users\llf\.gradle\caches\modules-2\files-2.1\net.minidev\accessors-smart\1.2\c592b500269bfde36096641b01238a8350f8aa31\accessors-smart-1.2.jar;C:\Users\llf\.gradle\caches\modules-2\files-2.1\ch.qos.logback\logback-core\1.2.3\864344400c3d4d92dfeb0a305dc87d953677c03c\logback-core-1.2.3.jar;C:\Users\llf\.gradle\caches\modules-2\files-2.1\org.apache.logging.log4j\log4j-api\2.10.0\fec5797a55b786184a537abd39c3fa1449d752d6\log4j-api-2.10.0.jar;C:\Users\llf\.gradle\caches\modules-2\files-2.1\org.ow2.asm\asm\5.0.4\da08b8cce7bbf903602a25a3a163ae252435795\asm-5.0.4.jar, user.name=llf, java.vm.specification.version=1.8, sun.java.command=worker.org.gradle.process.internal.worker.GradleWorkerMain 'Gradle Test Executor 1', java.home=C:\Program Files\Java\jdk1.8.0_171\jre, sun.arch.data.model=64, user.language=zh, java.specification.vendor=Oracle Corporation, awt.toolkit=sun.awt.windows.WToolkit, java.vm.info=mixed mode, java.version=1.8.0_171, java.ext.dirs=C:\Program Files\Java\jdk1.8.0_171\jre\lib\ext;C:\WINDOWS\Sun\Java\lib\ext, sun.boot.class.path=C:\Program Files\Java\jdk1.8.0_171\jre\lib\resources.jar;C:\Program Files\Java\jdk1.8.0_171\jre\lib\rt.jar;C:\Program Files\Java\jdk1.8.0_171\jre\lib\sunrsasign.jar;C:\Program Files\Java\jdk1.8.0_171\jre\lib\jsse.jar;C:\Program Files\Java\jdk1.8.0_171\jre\lib\jce.jar;C:\Program Files\Java\jdk1.8.0_171\jre\lib\charsets.jar;C:\Program Files\Java\jdk1.8.0_171\jre\lib\jfr.jar;C:\Program Files\Java\jdk1.8.0_171\jre\classes, java.vendor=Oracle Corporation, org.gradle.test.worker=1, file.separator=\, java.vendor.url.bug=http://bugreport.sun.com/bugreport/, sun.io.unicode.encoding=UnicodeLittle, sun.cpu.endian=little, sun.desktop=windows, sun.cpu.isalist=amd64}}, SystemEnvironmentPropertySource@453447967 {name='systemEnvironment', properties={USERDOMAIN_ROAMINGPROFILE=DESKTOP-0R5M6H1, LOCALAPPDATA=C:\Users\llf\AppData\Local, PROCESSOR_LEVEL=23, USERDOMAIN=DESKTOP-0R5M6H1, LOGONSERVER=\\DESKTOP-0R5M6H1, PROMPT=$P$G, SESSIONNAME=Console, ALLUSERSPROFILE=C:\ProgramData, PROCESSOR_ARCHITECTURE=AMD64, PSModulePath=C:\Program Files\WindowsPowerShell\Modules;C:\WINDOWS\system32\WindowsPowerShell\v1.0\Modules, SystemDrive=C:, =ExitCode=00000000, OneDrive=C:\Users\llf\OneDrive, =C:=C:\fanxing, APPDATA=C:\Users\llf\AppData\Roaming, DIRNAME=C:\fanxing\, JAVA_EXE=java.exe, USERNAME=llf, CMD_LINE_ARGS=build, ProgramFiles(x86)=C:\Program Files (x86), CommonProgramFiles=C:\Program Files\Common Files, Path=C:\Program Files (x86)\Common Files\Oracle\Java\javapath;C:\WINDOWS\system32;C:\WINDOWS;C:\WINDOWS\System32\Wbem;C:\WINDOWS\System32\WindowsPowerShell\v1.0\;C:\Program Files\gradle-4.7\bin;C:\Program Files\nodejs\;C:\Program Files\Git\cmd;I:\Anaconda3;I:\Anaconda3\Library\mingw-w64\bin;I:\Anaconda3\Library\usr\bin;I:\Anaconda3\Library\bin;I:\Anaconda3\Scripts;C:\Users\llf\AppData\Local\Microsoft\WindowsApps;C:\Users\llf\AppData\Roaming\npm, APP_HOME=C:\fanxing\, PATHEXT=.COM;.EXE;.BAT;.CMD;.VBS;.VBE;.JS;.JSE;.WSF;.WSH;.MSC, OS=Windows_NT, COMPUTERNAME=DESKTOP-0R5M6H1, PROCESSOR_REVISION=0101, CLASSPATH=C:\fanxing\\gradle\wrapper\gradle-wrapper.jar, CommonProgramW6432=C:\Program Files\Common Files, ComSpec=C:\WINDOWS\system32\cmd.exe, APP_BASE_NAME=gradlew, ProgramData=C:\ProgramData, ProgramW6432=C:\Program Files, HOMEPATH=\Users\llf, SystemRoot=C:\WINDOWS, TEMP=C:\Users\llf\AppData\Local\Temp, HOMEDRIVE=C:, PROCESSOR_IDENTIFIER=AMD64 Family 23 Model 1 Stepping 1, AuthenticAMD, USERPROFILE=C:\Users\llf, TMP=C:\Users\llf\AppData\Local\Temp, CommonProgramFiles(x86)=C:\Program Files (x86)\Common Files, ProgramFiles=C:\Program Files, PUBLIC=C:\Users\Public, NUMBER_OF_PROCESSORS=16, windir=C:\WINDOWS, =::=::\, _SKIP=2}}]
00:06:47.178 [Test worker] DEBUG org.springframework.core.io.support.PathMatchingResourcePatternResolver - Resolved classpath location [cms/fx/] to resources [URL [file:/C:/fanxing/build/classes/java/test/cms/fx/], URL [file:/C:/fanxing/build/classes/java/main/cms/fx/]]
00:06:47.178 [Test worker] DEBUG org.springframework.core.io.support.PathMatchingResourcePatternResolver - Looking for matching resources in directory tree [C:\fanxing\build\classes\java\test\cms\fx]
00:06:47.178 [Test worker] DEBUG org.springframework.core.io.support.PathMatchingResourcePatternResolver - Searching directory [C:\fanxing\build\classes\java\test\cms\fx] for files matching pattern [C:/fanxing/build/classes/java/test/cms/fx/*.class]
00:06:47.181 [Test worker] DEBUG org.springframework.core.io.support.PathMatchingResourcePatternResolver - Looking for matching resources in directory tree [C:\fanxing\build\classes\java\main\cms\fx]
00:06:47.182 [Test worker] DEBUG org.springframework.core.io.support.PathMatchingResourcePatternResolver - Searching directory [C:\fanxing\build\classes\java\main\cms\fx] for files matching pattern [C:/fanxing/build/classes/java/main/cms/fx/*.class]
00:06:47.182 [Test worker] DEBUG org.springframework.core.io.support.PathMatchingResourcePatternResolver - Resolved location pattern [classpath*:cms/fx/*.class] to resources [file [C:\fanxing\build\classes\java\test\cms\fx\FxApplicationTests.class], file [C:\fanxing\build\classes\java\main\cms\fx\FxApplication.class]]
00:06:47.235 [Test worker] DEBUG org.springframework.context.annotation.ClassPathScanningCandidateComponentProvider - Identified candidate component class: file [C:\fanxing\build\classes\java\main\cms\fx\FxApplication.class]
00:06:47.236 [Test worker] INFO org.springframework.boot.test.context.SpringBootTestContextBootstrapper - Found @SpringBootConfiguration cms.fx.FxApplication for test class cms.fx.FxApplicationTests
00:06:47.387 [Test worker] DEBUG org.springframework.boot.test.context.SpringBootTestContextBootstrapper - @TestExecutionListeners is not present for class [cms.fx.FxApplicationTests]: using defaults.
00:06:47.387 [Test worker] INFO org.springframework.boot.test.context.SpringBootTestContextBootstrapper - Loaded default TestExecutionListener class names from location [META-INF/spring.factories]: [org.springframework.boot.test.autoconfigure.restdocs.RestDocsTestExecutionListener, org.springframework.boot.test.autoconfigure.web.client.MockRestServiceServerResetTestExecutionListener, org.springframework.boot.test.autoconfigure.web.servlet.MockMvcPrintOnlyOnFailureTestExecutionListener, org.springframework.boot.test.autoconfigure.web.servlet.WebDriverTestExecutionListener, org.springframework.boot.test.mock.mockito.MockitoTestExecutionListener, org.springframework.boot.test.mock.mockito.ResetMocksTestExecutionListener, org.springframework.test.context.web.ServletTestExecutionListener, org.springframework.test.context.support.DirtiesContextBeforeModesTestExecutionListener, org.springframework.test.context.support.DependencyInjectionTestExecutionListener, org.springframework.test.context.support.DirtiesContextTestExecutionListener, org.springframework.test.context.transaction.TransactionalTestExecutionListener, org.springframework.test.context.jdbc.SqlScriptsTestExecutionListener]
00:06:47.405 [Test worker] DEBUG org.springframework.boot.test.context.SpringBootTestContextBootstrapper - Skipping candidate TestExecutionListener [org.springframework.test.context.transaction.TransactionalTestExecutionListener] due to a missing dependency. Specify custom listener classes or make the default listener classes and their required dependencies available. Offending class: [org/springframework/transaction/interceptor/TransactionAttributeSource]
00:06:47.406 [Test worker] DEBUG org.springframework.boot.test.context.SpringBootTestContextBootstrapper - Skipping candidate TestExecutionListener [org.springframework.test.context.jdbc.SqlScriptsTestExecutionListener] due to a missing dependency. Specify custom listener classes or make the default listener classes and their required dependencies available. Offending class: [org/springframework/transaction/interceptor/TransactionAttribute]
00:06:47.406 [Test worker] INFO org.springframework.boot.test.context.SpringBootTestContextBootstrapper - Using TestExecutionListeners: [org.springframework.test.context.web.ServletTestExecutionListener@47375ab2, org.springframework.test.context.support.DirtiesContextBeforeModesTestExecutionListener@7ab2a67a, org.springframework.boot.test.mock.mockito.MockitoTestExecutionListener@4ac11708, org.springframework.boot.test.autoconfigure.SpringBootDependencyInjectionTestExecutionListener@c2da2d8, org.springframework.test.context.support.DirtiesContextTestExecutionListener@71329b25, org.springframework.boot.test.autoconfigure.restdocs.RestDocsTestExecutionListener@1e5c620f, org.springframework.boot.test.autoconfigure.web.client.MockRestServiceServerResetTestExecutionListener@5c675f9b, org.springframework.boot.test.autoconfigure.web.servlet.MockMvcPrintOnlyOnFailureTestExecutionListener@3dbd1dad, org.springframework.boot.test.autoconfigure.web.servlet.WebDriverTestExecutionListener@58b3428c, org.springframework.boot.test.mock.mockito.ResetMocksTestExecutionListener@25820f8f]
00:06:47.409 [Test worker] DEBUG org.springframework.test.annotation.ProfileValueUtils - Retrieved @ProfileValueSourceConfiguration [null] for test class [cms.fx.FxApplicationTests]
00:06:47.410 [Test worker] DEBUG org.springframework.test.annotation.ProfileValueUtils - Retrieved ProfileValueSource type [class org.springframework.test.annotation.SystemProfileValueSource] for class [cms.fx.FxApplicationTests]
00:06:47.411 [Test worker] DEBUG org.springframework.test.annotation.ProfileValueUtils - Retrieved @ProfileValueSourceConfiguration [null] for test class [cms.fx.FxApplicationTests]
00:06:47.411 [Test worker] DEBUG org.springframework.test.annotation.ProfileValueUtils - Retrieved ProfileValueSource type [class org.springframework.test.annotation.SystemProfileValueSource] for class [cms.fx.FxApplicationTests]
00:06:47.418 [Test worker] DEBUG org.springframework.test.context.support.AbstractDirtiesContextTestExecutionListener - Before test class: context [DefaultTestContext@5bbba1ee testClass = FxApplicationTests, testInstance = [null], testMethod = [null], testException = [null], mergedContextConfiguration = [WebMergedContextConfiguration@36a09fbb testClass = FxApplicationTests, locations = '{}', classes = '{class cms.fx.FxApplication}', contextInitializerClasses = '[]', activeProfiles = '{}', propertySourceLocations = '{}', propertySourceProperties = '{org.springframework.boot.test.context.SpringBootTestContextBootstrapper=true}', contextCustomizers = set[org.springframework.boot.test.autoconfigure.properties.PropertyMappingContextCustomizer@0, org.springframework.boot.test.autoconfigure.web.servlet.WebDriverContextCustomizerFactory$Customizer@79a54250, org.springframework.boot.test.context.filter.ExcludeFilterContextCustomizer@6e2841d2, org.springframework.boot.test.json.DuplicateJsonObjectContextCustomizerFactory$DuplicateJsonObjectContextCustomizer@438acac2, org.springframework.boot.test.mock.mockito.MockitoContextCustomizer@0, org.springframework.boot.test.web.client.TestRestTemplateContextCustomizer@2c9e14a2], resourceBasePath = 'src/main/webapp', contextLoader = 'org.springframework.boot.test.context.SpringBootContextLoader', parent = [null]], attributes = map['org.springframework.test.context.web.ServletTestExecutionListener.activateListener' -> true]], class annotated with @DirtiesContext [false] with mode [null].
00:06:47.419 [Test worker] DEBUG org.springframework.test.annotation.ProfileValueUtils - Retrieved @ProfileValueSourceConfiguration [null] for test class [cms.fx.FxApplicationTests]
00:06:47.419 [Test worker] DEBUG org.springframework.test.annotation.ProfileValueUtils - Retrieved ProfileValueSource type [class org.springframework.test.annotation.SystemProfileValueSource] for class [cms.fx.FxApplicationTests]
00:06:47.448 [Test worker] DEBUG org.springframework.core.env.StandardEnvironment - Adding PropertySource 'systemProperties' with lowest search precedence
00:06:47.448 [Test worker] DEBUG org.springframework.core.env.StandardEnvironment - Adding PropertySource 'systemEnvironment' with lowest search precedence
00:06:47.449 [Test worker] DEBUG org.springframework.core.env.StandardEnvironment - Initialized StandardEnvironment with PropertySources [MapPropertySource@1984103127 {name='systemProperties', properties={java.runtime.name=Java(TM) SE Runtime Environment, sun.boot.library.path=C:\Program Files\Java\jdk1.8.0_171\jre\bin, java.vm.version=25.171-b11, java.vm.vendor=Oracle Corporation, java.vendor.url=http://java.oracle.com/, path.separator=;, java.vm.name=Java HotSpot(TM) 64-Bit Server VM, file.encoding.pkg=sun.io, user.script=, sun.java.launcher=SUN_STANDARD, user.country=CN, sun.os.patch.level=, java.vm.specification.name=Java Virtual Machine Specification, user.dir=C:\fanxing, java.runtime.version=1.8.0_171-b11, java.awt.graphicsenv=sun.awt.Win32GraphicsEnvironment, java.endorsed.dirs=C:\Program Files\Java\jdk1.8.0_171\jre\lib\endorsed, os.arch=amd64, java.io.tmpdir=C:\Users\llf\AppData\Local\Temp\, line.separator=
, java.vm.specification.vendor=Oracle Corporation, user.variant=, os.name=Windows 10, sun.jnu.encoding=GBK, java.library.path=C:\Program Files\Java\jdk1.8.0_171\bin;C:\WINDOWS\Sun\Java\bin;C:\WINDOWS\system32;C:\WINDOWS;C:\Program Files (x86)\Common Files\Oracle\Java\javapath;C:\WINDOWS\system32;C:\WINDOWS;C:\WINDOWS\System32\Wbem;C:\WINDOWS\System32\WindowsPowerShell\v1.0\;C:\Program Files\gradle-4.7\bin;C:\Program Files\nodejs\;C:\Program Files\Git\cmd;I:\Anaconda3;I:\Anaconda3\Library\mingw-w64\bin;I:\Anaconda3\Library\usr\bin;I:\Anaconda3\Library\bin;I:\Anaconda3\Scripts;C:\Users\llf\AppData\Local\Microsoft\WindowsApps;C:\Users\llf\AppData\Roaming\npm;., java.specification.name=Java Platform API Specification, java.class.version=52.0, org.gradle.native=false, sun.management.compiler=HotSpot 64-Bit Tiered Compilers, os.version=10.0, user.home=C:\Users\llf, user.timezone=Asia/Shanghai, java.awt.printerjob=sun.awt.windows.WPrinterJob, file.encoding=GBK, java.specification.version=1.8, java.class.path=C:\fanxing\build\classes\java\test;C:\fanxing\build\resources\test;C:\fanxing\build\classes\java\main;C:\fanxing\build\resources\main;C:\Users\llf\.gradle\caches\modules-2\files-2.1\org.springframework.boot\spring-boot-starter-web\2.0.1.RELEASE\88751ed76791d12425ce5a80476baf1749a44cf4\spring-boot-starter-web-2.0.1.RELEASE.jar;C:\Users\llf\.gradle\caches\modules-2\files-2.1\org.springframework.boot\spring-boot-starter-test\2.0.1.RELEASE\d6204ede44fa7e1df01d25509837bfa4b767fa28\spring-boot-starter-test-2.0.1.RELEASE.jar;C:\Users\llf\.gradle\caches\modules-2\files-2.1\org.springframework.boot\spring-boot-starter-json\2.0.1.RELEASE\f2e1aeeb1ac02bfa1b4f7254633484af1866fc65\spring-boot-starter-json-2.0.1.RELEASE.jar;C:\Users\llf\.gradle\caches\modules-2\files-2.1\org.springframework.boot\spring-boot-starter\2.0.1.RELEASE\33abc1286b0aabea4f08ff4285d09e587835a716\spring-boot-starter-2.0.1.RELEASE.jar;C:\Users\llf\.gradle\caches\modules-2\files-2.1\org.springframework.boot\spring-boot-starter-tomcat\2.0.1.RELEASE\4b46f4aaff6c8a5a1c8184996d5e9e8a9354db8d\spring-boot-starter-tomcat-2.0.1.RELEASE.jar;C:\Users\llf\.gradle\caches\modules-2\files-2.1\org.hibernate.validator\hibernate-validator\6.0.9.Final\b149e4cce82379f11f6129eb3187ca8ae5404005\hibernate-validator-6.0.9.Final.jar;C:\Users\llf\.gradle\caches\modules-2\files-2.1\org.springframework\spring-webmvc\5.0.5.RELEASE\a7fd53c7ad06b0fa7dd4ff347de1b2dc508739e\spring-webmvc-5.0.5.RELEASE.jar;C:\Users\llf\.gradle\caches\modules-2\files-2.1\org.springframework\spring-web\5.0.5.RELEASE\d51dbb5cabe72ae02e400577bac48f7fc94088de\spring-web-5.0.5.RELEASE.jar;C:\Users\llf\.gradle\caches\modules-2\files-2.1\org.springframework.boot\spring-boot-test-autoconfigure\2.0.1.RELEASE\c7a68c07f2a04323a67740f91d20818ec2e783b3\spring-boot-test-autoconfigure-2.0.1.RELEASE.jar;C:\Users\llf\.gradle\caches\modules-2\files-2.1\org.springframework.boot\spring-boot-test\2.0.1.RELEASE\77cede07b0e9da6c87d0dabcfe3e53ac56747d73\spring-boot-test-2.0.1.RELEASE.jar;C:\Users\llf\.gradle\caches\modules-2\files-2.1\com.jayway.jsonpath\json-path\2.4.0\765a4401ceb2dc8d40553c2075eb80a8fa35c2ae\json-path-2.4.0.jar;C:\Users\llf\.gradle\caches\modules-2\files-2.1\junit\junit\4.12\2973d150c0dc1fefe998f834810d68f278ea58ec\junit-4.12.jar;C:\Users\llf\.gradle\caches\modules-2\files-2.1\org.assertj\assertj-core\3.9.1\c5ce126b15f28d56cd8f960c1a6a058b9c9aea87\assertj-core-3.9.1.jar;C:\Users\llf\.gradle\caches\modules-2\files-2.1\org.mockito\mockito-core\2.15.0\b84bfbbc29cd22c9529409627af6ea2897f4fa85\mockito-core-2.15.0.jar;C:\Users\llf\.gradle\caches\modules-2\files-2.1\org.hamcrest\hamcrest-library\1.3\4785a3c21320980282f9f33d0d1264a69040538f\hamcrest-library-1.3.jar;C:\Users\llf\.gradle\caches\modules-2\files-2.1\org.hamcrest\hamcrest-core\1.3\42a25dc3219429f0e5d060061f71acb49bf010a0\hamcrest-core-1.3.jar;C:\Users\llf\.gradle\caches\modules-2\files-2.1\org.skyscreamer\jsonassert\1.5.0\6c9d5fe2f59da598d9aefc1cfc6528ff3cf32df3\jsonassert-1.5.0.jar;C:\Users\llf\.gradle\caches\modules-2\files-2.1\org.springframework\spring-test\5.0.5.RELEASE\f7e3b83447e54056a91de1294ae6888343648dff\spring-test-5.0.5.RELEASE.jar;C:\Users\llf\.gradle\caches\modules-2\files-2.1\org.springframework.boot\spring-boot-autoconfigure\2.0.1.RELEASE\b0bf9d34ed70c6987a86cd58a009065e5fa02545\spring-boot-autoconfigure-2.0.1.RELEASE.jar;C:\Users\llf\.gradle\caches\modules-2\files-2.1\org.springframework.boot\spring-boot\2.0.1.RELEASE\b8c5b14cbb0e52fdded8f98a8c1493cc74c7cf59\spring-boot-2.0.1.RELEASE.jar;C:\Users\llf\.gradle\caches\modules-2\files-2.1\org.springframework\spring-context\5.0.5.RELEASE\9cca4bf5acb693249a01c218f471c677b951d6e2\spring-context-5.0.5.RELEASE.jar;C:\Users\llf\.gradle\caches\modules-2\files-2.1\org.springframework\spring-expression\5.0.5.RELEASE\fc6c7a95aeb7d00f4c65c338b08d97767eb0dd99\spring-expression-5.0.5.RELEASE.jar;C:\Users\llf\.gradle\caches\modules-2\files-2.1\org.springframework\spring-aop\5.0.5.RELEASE\b11b61b94d7fb752a1c9bf3461d655c3084fae47\spring-aop-5.0.5.RELEASE.jar;C:\Users\llf\.gradle\caches\modules-2\files-2.1\org.springframework\spring-beans\5.0.5.RELEASE\984445863c0bbdaaf860615762d998b471a6bf92\spring-beans-5.0.5.RELEASE.jar;C:\Users\llf\.gradle\caches\modules-2\files-2.1\org.springframework\spring-core\5.0.5.RELEASE\1bd9feb1d9dac6accd27f5244b6c47cfcb55045c\spring-core-5.0.5.RELEASE.jar;C:\Users\llf\.gradle\caches\modules-2\files-2.1\org.xmlunit\xmlunit-core\2.5.1\4ffdb346572a7356f7521cd3119ce5287d2e339d\xmlunit-core-2.5.1.jar;C:\Users\llf\.gradle\caches\modules-2\files-2.1\org.springframework.boot\spring-boot-starter-logging\2.0.1.RELEASE\10681a28c95e9f9c0159327a1ed0c860517c7ad7\spring-boot-starter-logging-2.0.1.RELEASE.jar;C:\Users\llf\.gradle\caches\modules-2\files-2.1\javax.annotation\javax.annotation-api\1.3.2\934c04d3cfef185a8008e7bf34331b79730a9d43\javax.annotation-api-1.3.2.jar;C:\Users\llf\.gradle\caches\modules-2\files-2.1\org.yaml\snakeyaml\1.19\2d998d3d674b172a588e54ab619854d073f555b5\snakeyaml-1.19.jar;C:\Users\llf\.gradle\caches\modules-2\files-2.1\com.fasterxml.jackson.datatype\jackson-datatype-jdk8\2.9.5\23e37f085279ba316c0df923513b81609e1d1f6\jackson-datatype-jdk8-2.9.5.jar;C:\Users\llf\.gradle\caches\modules-2\files-2.1\com.fasterxml.jackson.datatype\jackson-datatype-jsr310\2.9.5\d1f0d11e816bc04e222a261106ca138801841c2d\jackson-datatype-jsr310-2.9.5.jar;C:\Users\llf\.gradle\caches\modules-2\files-2.1\com.fasterxml.jackson.module\jackson-module-parameter-names\2.9.5\f824c60751ffb7bfc3a0d30dfe0e42317d8e67f5\jackson-module-parameter-names-2.9.5.jar;C:\Users\llf\.gradle\caches\modules-2\files-2.1\com.fasterxml.jackson.core\jackson-databind\2.9.5\3490508379d065fe3fcb80042b62f630f7588606\jackson-databind-2.9.5.jar;C:\Users\llf\.gradle\caches\modules-2\files-2.1\org.apache.tomcat.embed\tomcat-embed-websocket\8.5.29\37786f4ca8a1597a91a0f437e659a76d1fcc5bf1\tomcat-embed-websocket-8.5.29.jar;C:\Users\llf\.gradle\caches\modules-2\files-2.1\org.apache.tomcat.embed\tomcat-embed-core\8.5.29\51eac5adde4bc019261b787cb99e5548206908e6\tomcat-embed-core-8.5.29.jar;C:\Users\llf\.gradle\caches\modules-2\files-2.1\org.apache.tomcat.embed\tomcat-embed-el\8.5.29\893fb2c87ec1aa248a7911d76c0c06b3fca6bc9b\tomcat-embed-el-8.5.29.jar;C:\Users\llf\.gradle\caches\modules-2\files-2.1\javax.validation\validation-api\2.0.1.Final\cb855558e6271b1b32e716d24cb85c7f583ce09e\validation-api-2.0.1.Final.jar;C:\Users\llf\.gradle\caches\modules-2\files-2.1\org.jboss.logging\jboss-logging\3.3.2.Final\3789d00e859632e6c6206adc0c71625559e6e3b0\jboss-logging-3.3.2.Final.jar;C:\Users\llf\.gradle\caches\modules-2\files-2.1\com.fasterxml\classmate\1.3.4\3d5f48f10bbe4eb7bd862f10c0583be2e0053c6\classmate-1.3.4.jar;C:\Users\llf\.gradle\caches\modules-2\files-2.1\net.minidev\json-smart\2.3\7396407491352ce4fa30de92efb158adb76b5b\json-smart-2.3.jar;C:\Users\llf\.gradle\caches\modules-2\files-2.1\ch.qos.logback\logback-classic\1.2.3\7c4f3c474fb2c041d8028740440937705ebb473a\logback-classic-1.2.3.jar;C:\Users\llf\.gradle\caches\modules-2\files-2.1\org.apache.logging.log4j\log4j-to-slf4j\2.10.0\f7e631ccf49cfc0aefa4a2a728da7d374c05bd3c\log4j-to-slf4j-2.10.0.jar;C:\Users\llf\.gradle\caches\modules-2\files-2.1\org.slf4j\jul-to-slf4j\1.7.25\af5364cd6679bfffb114f0dec8a157aaa283b76\jul-to-slf4j-1.7.25.jar;C:\Users\llf\.gradle\caches\modules-2\files-2.1\org.slf4j\slf4j-api\1.7.25\da76ca59f6a57ee3102f8f9bd9cee742973efa8a\slf4j-api-1.7.25.jar;C:\Users\llf\.gradle\caches\modules-2\files-2.1\net.bytebuddy\byte-buddy\1.7.11\f02857a4e2c66ccbe7aaad6100a0a6c461bce9b3\byte-buddy-1.7.11.jar;C:\Users\llf\.gradle\caches\modules-2\files-2.1\net.bytebuddy\byte-buddy-agent\1.7.11\b425a8933ca07edd03c6dbc8bc3b595fba9780de\byte-buddy-agent-1.7.11.jar;C:\Users\llf\.gradle\caches\modules-2\files-2.1\org.objenesis\objenesis\2.6\639033469776fd37c08358c6b92a4761feb2af4b\objenesis-2.6.jar;C:\Users\llf\.gradle\caches\modules-2\files-2.1\com.vaadin.external.google\android-json\0.0.20131108.vaadin1\fa26d351fe62a6a17f5cda1287c1c6110dec413f\android-json-0.0.20131108.vaadin1.jar;C:\Users\llf\.gradle\caches\modules-2\files-2.1\org.springframework\spring-jcl\5.0.5.RELEASE\f4a2854b9d865e8b86717595aec16f877f8c6489\spring-jcl-5.0.5.RELEASE.jar;C:\Users\llf\.gradle\caches\modules-2\files-2.1\com.fasterxml.jackson.core\jackson-annotations\2.9.0\7c10d545325e3a6e72e06381afe469fd40eb701\jackson-annotations-2.9.0.jar;C:\Users\llf\.gradle\caches\modules-2\files-2.1\com.fasterxml.jackson.core\jackson-core\2.9.5\a22ac51016944b06fd9ffbc9541c6e7ce5eea117\jackson-core-2.9.5.jar;C:\Users\llf\.gradle\caches\modules-2\files-2.1\net.minidev\accessors-smart\1.2\c592b500269bfde36096641b01238a8350f8aa31\accessors-smart-1.2.jar;C:\Users\llf\.gradle\caches\modules-2\files-2.1\ch.qos.logback\logback-core\1.2.3\864344400c3d4d92dfeb0a305dc87d953677c03c\logback-core-1.2.3.jar;C:\Users\llf\.gradle\caches\modules-2\files-2.1\org.apache.logging.log4j\log4j-api\2.10.0\fec5797a55b786184a537abd39c3fa1449d752d6\log4j-api-2.10.0.jar;C:\Users\llf\.gradle\caches\modules-2\files-2.1\org.ow2.asm\asm\5.0.4\da08b8cce7bbf903602a25a3a163ae252435795\asm-5.0.4.jar, user.name=llf, java.vm.specification.version=1.8, sun.java.command=worker.org.gradle.process.internal.worker.GradleWorkerMain 'Gradle Test Executor 1', java.home=C:\Program Files\Java\jdk1.8.0_171\jre, sun.arch.data.model=64, user.language=zh, java.specification.vendor=Oracle Corporation, awt.toolkit=sun.awt.windows.WToolkit, java.vm.info=mixed mode, java.version=1.8.0_171, java.ext.dirs=C:\Program Files\Java\jdk1.8.0_171\jre\lib\ext;C:\WINDOWS\Sun\Java\lib\ext, sun.boot.class.path=C:\Program Files\Java\jdk1.8.0_171\jre\lib\resources.jar;C:\Program Files\Java\jdk1.8.0_171\jre\lib\rt.jar;C:\Program Files\Java\jdk1.8.0_171\jre\lib\sunrsasign.jar;C:\Program Files\Java\jdk1.8.0_171\jre\lib\jsse.jar;C:\Program Files\Java\jdk1.8.0_171\jre\lib\jce.jar;C:\Program Files\Java\jdk1.8.0_171\jre\lib\charsets.jar;C:\Program Files\Java\jdk1.8.0_171\jre\lib\jfr.jar;C:\Program Files\Java\jdk1.8.0_171\jre\classes, java.vendor=Oracle Corporation, org.gradle.test.worker=1, file.separator=\, java.vendor.url.bug=http://bugreport.sun.com/bugreport/, sun.io.unicode.encoding=UnicodeLittle, sun.cpu.endian=little, sun.desktop=windows, sun.cpu.isalist=amd64}}, SystemEnvironmentPropertySource@77360589 {name='systemEnvironment', properties={USERDOMAIN_ROAMINGPROFILE=DESKTOP-0R5M6H1, LOCALAPPDATA=C:\Users\llf\AppData\Local, PROCESSOR_LEVEL=23, USERDOMAIN=DESKTOP-0R5M6H1, LOGONSERVER=\\DESKTOP-0R5M6H1, PROMPT=$P$G, SESSIONNAME=Console, ALLUSERSPROFILE=C:\ProgramData, PROCESSOR_ARCHITECTURE=AMD64, PSModulePath=C:\Program Files\WindowsPowerShell\Modules;C:\WINDOWS\system32\WindowsPowerShell\v1.0\Modules, SystemDrive=C:, =ExitCode=00000000, OneDrive=C:\Users\llf\OneDrive, =C:=C:\fanxing, APPDATA=C:\Users\llf\AppData\Roaming, DIRNAME=C:\fanxing\, JAVA_EXE=java.exe, USERNAME=llf, CMD_LINE_ARGS=build, ProgramFiles(x86)=C:\Program Files (x86), CommonProgramFiles=C:\Program Files\Common Files, Path=C:\Program Files (x86)\Common Files\Oracle\Java\javapath;C:\WINDOWS\system32;C:\WINDOWS;C:\WINDOWS\System32\Wbem;C:\WINDOWS\System32\WindowsPowerShell\v1.0\;C:\Program Files\gradle-4.7\bin;C:\Program Files\nodejs\;C:\Program Files\Git\cmd;I:\Anaconda3;I:\Anaconda3\Library\mingw-w64\bin;I:\Anaconda3\Library\usr\bin;I:\Anaconda3\Library\bin;I:\Anaconda3\Scripts;C:\Users\llf\AppData\Local\Microsoft\WindowsApps;C:\Users\llf\AppData\Roaming\npm, APP_HOME=C:\fanxing\, PATHEXT=.COM;.EXE;.BAT;.CMD;.VBS;.VBE;.JS;.JSE;.WSF;.WSH;.MSC, OS=Windows_NT, COMPUTERNAME=DESKTOP-0R5M6H1, PROCESSOR_REVISION=0101, CLASSPATH=C:\fanxing\\gradle\wrapper\gradle-wrapper.jar, CommonProgramW6432=C:\Program Files\Common Files, ComSpec=C:\WINDOWS\system32\cmd.exe, APP_BASE_NAME=gradlew, ProgramData=C:\ProgramData, ProgramW6432=C:\Program Files, HOMEPATH=\Users\llf, SystemRoot=C:\WINDOWS, TEMP=C:\Users\llf\AppData\Local\Temp, HOMEDRIVE=C:, PROCESSOR_IDENTIFIER=AMD64 Family 23 Model 1 Stepping 1, AuthenticAMD, USERPROFILE=C:\Users\llf, TMP=C:\Users\llf\AppData\Local\Temp, CommonProgramFiles(x86)=C:\Program Files (x86)\Common Files, ProgramFiles=C:\Program Files, PUBLIC=C:\Users\Public, NUMBER_OF_PROCESSORS=16, windir=C:\WINDOWS, =::=::\, _SKIP=2}}]
00:06:47.452 [Test worker] DEBUG org.springframework.test.context.support.TestPropertySourceUtils - Adding inlined properties to environment: {spring.jmx.enabled=false, org.springframework.boot.test.context.SpringBootTestContextBootstrapper=true, server.port=-1}
00:06:47.453 [Test worker] DEBUG org.springframework.core.env.StandardEnvironment - Adding PropertySource 'Inlined Test Properties' with highest search precedence

  .   ____          _            __ _ _
 /\\ / ___'_ __ _ _(_)_ __  __ _ \ \ \ \
( ( )\___ | '_ | '_| | '_ \/ _` | \ \ \ \
 \\/  ___)| |_)| | | | | || (_| |  ) ) ) )
  '  |____| .__|_| |_|_| |_\__, | / / / /
 =========|_|==============|___/=/_/_/_/
 :: Spring Boot ::        (v2.0.1.RELEASE)

2018-04-24 00:06:47.805  INFO 18472 --- [    Test worker] cms.fx.FxApplicationTests                : Starting FxApplicationTests on DESKTOP-0R5M6H1 with PID 18472 (started by llf in C:\fanxing)
2018-04-24 00:06:47.807  INFO 18472 --- [    Test worker] cms.fx.FxApplicationTests                : No active profile set, falling back to default profiles: default
2018-04-24 00:06:47.851  INFO 18472 --- [    Test worker] o.s.w.c.s.GenericWebApplicationContext   : Refreshing org.springframework.web.context.support.GenericWebApplicationContext@13d02620: startup date [Tue Apr 24 00:06:47 CST 2018]; root of context hierarchy
2018-04-24 00:06:49.079  INFO 18472 --- [    Test worker] o.s.w.s.handler.SimpleUrlHandlerMapping  : Mapped URL path [/**/favicon.ico] onto handler of type [class org.springframework.web.servlet.resource.ResourceHttpRequestHandler]
2018-04-24 00:06:49.301  INFO 18472 --- [    Test worker] s.w.s.m.m.a.RequestMappingHandlerAdapter : Looking for @ControllerAdvice: org.springframework.web.context.support.GenericWebApplicationContext@13d02620: startup date [Tue Apr 24 00:06:47 CST 2018]; root of context hierarchy
2018-04-24 00:06:49.377  INFO 18472 --- [    Test worker] s.w.s.m.m.a.RequestMappingHandlerMapping : Mapped "{[/hello]}" onto public java.lang.String cms.fx.Controller.Memorial.views.hello()
2018-04-24 00:06:49.380  INFO 18472 --- [    Test worker] s.w.s.m.m.a.RequestMappingHandlerMapping : Mapped "{[/error]}" onto public org.springframework.http.ResponseEntity<java.util.Map<java.lang.String, java.lang.Object>> org.springframework.boot.autoconfigure.web.servlet.error.BasicErrorController.error(javax.servlet.http.HttpServletRequest)
2018-04-24 00:06:49.382  INFO 18472 --- [    Test worker] s.w.s.m.m.a.RequestMappingHandlerMapping : Mapped "{[/error],produces=[text/html]}" onto public org.springframework.web.servlet.ModelAndView org.springframework.boot.autoconfigure.web.servlet.error.BasicErrorController.errorHtml(javax.servlet.http.HttpServletRequest,javax.servlet.http.HttpServletResponse)
2018-04-24 00:06:49.409  INFO 18472 --- [    Test worker] o.s.w.s.handler.SimpleUrlHandlerMapping  : Mapped URL path [/webjars/**] onto handler of type [class org.springframework.web.servlet.resource.ResourceHttpRequestHandler]
2018-04-24 00:06:49.410  INFO 18472 --- [    Test worker] o.s.w.s.handler.SimpleUrlHandlerMapping  : Mapped URL path [/**] onto handler of type [class org.springframework.web.servlet.resource.ResourceHttpRequestHandler]
2018-04-24 00:06:49.613  INFO 18472 --- [    Test worker] cms.fx.FxApplicationTests                : Started FxApplicationTests in 2.145 seconds (JVM running for 3.318)
]]></system-out>
  <system-err><![CDATA[]]></system-err>
</testsuite>
